WARNING: A terminally deprecated method in sun.misc.Unsafe has been called
WARNING: sun.misc.Unsafe::staticFieldBase has been called by com.google.inject.internal.aop.HiddenClassDefiner (file:/opt/homebrew/Cellar/maven/3.9.11/libexec/lib/guice-5.1.0-classes.jar)
WARNING: Please consider reporting this to the maintainers of class com.google.inject.internal.aop.HiddenClassDefiner
WARNING: sun.misc.Unsafe::staticFieldBase will be removed in a future release
[INFO] Scanning for projects...
[INFO] 
[INFO] ---------------------< com.example:stockPortfolio >---------------------
[INFO] Building stockPortfolio 0.0.1-SNAPSHOT
[INFO]   from pom.xml
[INFO] --------------------------------[ jar ]---------------------------------
[INFO] 
[INFO] >>> spring-boot:3.3.12:run (default-cli) > test-compile @ stockPortfolio >>>
[INFO] 
[INFO] --- resources:3.3.1:resources (default-resources) @ stockPortfolio ---
[INFO] Copying 1 resource from src/main/resources to target/classes
[INFO] Copying 0 resource from src/main/resources to target/classes
[INFO] 
[INFO] --- compiler:3.13.0:compile (default-compile) @ stockPortfolio ---
[INFO] Nothing to compile - all classes are up to date.
[INFO] 
[INFO] --- resources:3.3.1:testResources (default-testResources) @ stockPortfolio ---
[INFO] skip non existing resourceDirectory /Users/devanshdubey/Stock-Portfolio-Monitoring-App/src/test/resources
[INFO] 
[INFO] --- compiler:3.13.0:testCompile (default-testCompile) @ stockPortfolio ---
[INFO] Nothing to compile - all classes are up to date.
[INFO] 
[INFO] <<< spring-boot:3.3.12:run (default-cli) < test-compile @ stockPortfolio <<<
[INFO] 
[INFO] 
[INFO] --- spring-boot:3.3.12:run (default-cli) @ stockPortfolio ---
[INFO] Attaching agents: []

  .   ____          _            __ _ _
 /\\ / ___'_ __ _ _(_)_ __  __ _ \ \ \ \
( ( )\___ | '_ | '_| | '_ \/ _` | \ \ \ \
 \\/  ___)| |_)| | | | | || (_| |  ) ) ) )
  '  |____| .__|_| |_|_| |_\__, | / / / /
 =========|_|==============|___/=/_/_/_/

 :: Spring Boot ::               (v3.3.12)

2026-04-13T06:53:35.931+05:30  INFO 12252 --- [           main] c.e.s.StockPortfolioApplication          : Starting StockPortfolioApplication using Java 24.0.2 with PID 12252 (/Users/devanshdubey/Stock-Portfolio-Monitoring-App/target/classes started by devanshdubey in /Users/devanshdubey/Stock-Portfolio-Monitoring-App)
2026-04-13T06:53:35.932+05:30  INFO 12252 --- [           main] c.e.s.StockPortfolioApplication          : No active profile set, falling back to 1 default profile: "default"
2026-04-13T06:53:36.503+05:30  INFO 12252 --- [           main] .s.d.r.c.RepositoryConfigurationDelegate : Multiple Spring Data modules found, entering strict repository configuration mode
2026-04-13T06:53:36.505+05:30  INFO 12252 --- [           main] .s.d.r.c.RepositoryConfigurationDelegate : Bootstrapping Spring Data JPA repositories in DEFAULT mode.
2026-04-13T06:53:36.613+05:30  INFO 12252 --- [           main] .s.d.r.c.RepositoryConfigurationDelegate : Finished Spring Data repository scanning in 104 ms. Found 6 JPA repository interfaces.
2026-04-13T06:53:36.625+05:30  INFO 12252 --- [           main] .s.d.r.c.RepositoryConfigurationDelegate : Multiple Spring Data modules found, entering strict repository configuration mode
2026-04-13T06:53:36.625+05:30  INFO 12252 --- [           main] .s.d.r.c.RepositoryConfigurationDelegate : Bootstrapping Spring Data Redis repositories in DEFAULT mode.
2026-04-13T06:53:36.635+05:30  INFO 12252 --- [           main] .RepositoryConfigurationExtensionSupport : Spring Data Redis - Could not safely identify store assignment for repository candidate interface com.example.stockPortfolio.AlertManagement.AlertHistoryRepo; If you want this repository to be a Redis repository, consider annotating your entities with one of these annotations: org.springframework.data.redis.core.RedisHash (preferred), or consider extending one of the following types with your repository: org.springframework.data.keyvalue.repository.KeyValueRepository
2026-04-13T06:53:36.635+05:30  INFO 12252 --- [           main] .RepositoryConfigurationExtensionSupport : Spring Data Redis - Could not safely identify store assignment for repository candidate interface com.example.stockPortfolio.AlertManagement.AlertRepo; If you want this repository to be a Redis repository, consider annotating your entities with one of these annotations: org.springframework.data.redis.core.RedisHash (preferred), or consider extending one of the following types with your repository: org.springframework.data.keyvalue.repository.KeyValueRepository
2026-04-13T06:53:36.635+05:30  INFO 12252 --- [           main] .RepositoryConfigurationExtensionSupport : Spring Data Redis - Could not safely identify store assignment for repository candidate interface com.example.stockPortfolio.HoldingsManagement.HoldingRepo; If you want this repository to be a Redis repository, consider annotating your entities with one of these annotations: org.springframework.data.redis.core.RedisHash (preferred), or consider extending one of the following types with your repository: org.springframework.data.keyvalue.repository.KeyValueRepository
2026-04-13T06:53:36.635+05:30  INFO 12252 --- [           main] .RepositoryConfigurationExtensionSupport : Spring Data Redis - Could not safely identify store assignment for repository candidate interface com.example.stockPortfolio.HoldingsManagement.TransactionRepo; If you want this repository to be a Redis repository, consider annotating your entities with one of these annotations: org.springframework.data.redis.core.RedisHash (preferred), or consider extending one of the following types with your repository: org.springframework.data.keyvalue.repository.KeyValueRepository
2026-04-13T06:53:36.635+05:30  INFO 12252 --- [           main] .RepositoryConfigurationExtensionSupport : Spring Data Redis - Could not safely identify store assignment for repository candidate interface com.example.stockPortfolio.PortfolioManagement.PortfolioRepo; If you want this repository to be a Redis repository, consider annotating your entities with one of these annotations: org.springframework.data.redis.core.RedisHash (preferred), or consider extending one of the following types with your repository: org.springframework.data.keyvalue.repository.KeyValueRepository
2026-04-13T06:53:36.635+05:30  INFO 12252 --- [           main] .RepositoryConfigurationExtensionSupport : Spring Data Redis - Could not safely identify store assignment for repository candidate interface com.example.stockPortfolio.UserManagement.UserRepo; If you want this repository to be a Redis repository, consider annotating your entities with one of these annotations: org.springframework.data.redis.core.RedisHash (preferred), or consider extending one of the following types with your repository: org.springframework.data.keyvalue.repository.KeyValueRepository
2026-04-13T06:53:36.635+05:30  INFO 12252 --- [           main] .s.d.r.c.RepositoryConfigurationDelegate : Finished Spring Data repository scanning in 4 ms. Found 0 Redis repository interfaces.
WARNING: A restricted method in java.lang.System has been called
WARNING: java.lang.System::load has been called by org.apache.tomcat.jni.Library in an unnamed module (file:/Users/devanshdubey/.m2/repository/org/apache/tomcat/embed/tomcat-embed-core/10.1.41/tomcat-embed-core-10.1.41.jar)
WARNING: Use --enable-native-access=ALL-UNNAMED to avoid a warning for callers in this module
WARNING: Restricted methods will be blocked in a future release unless native access is enabled

2026-04-13T06:53:36.973+05:30  INFO 12252 --- [           main] o.s.b.w.embedded.tomcat.TomcatWebServer  : Tomcat initialized with port 8080 (http)
2026-04-13T06:53:36.981+05:30  INFO 12252 --- [           main] o.apache.catalina.core.StandardService   : Starting service [Tomcat]
2026-04-13T06:53:36.981+05:30  INFO 12252 --- [           main] o.apache.catalina.core.StandardEngine    : Starting Servlet engine: [Apache Tomcat/10.1.41]
2026-04-13T06:53:37.043+05:30  INFO 12252 --- [           main] o.a.c.c.C.[Tomcat].[localhost].[/]       : Initializing Spring embedded WebApplicationContext
2026-04-13T06:53:37.043+05:30  INFO 12252 --- [           main] w.s.c.ServletWebServerApplicationContext : Root WebApplicationContext: initialization completed in 1087 ms
2026-04-13T06:53:37.115+05:30  INFO 12252 --- [           main] o.hibernate.jpa.internal.util.LogHelper  : HHH000204: Processing PersistenceUnitInfo [name: default]
2026-04-13T06:53:37.146+05:30  INFO 12252 --- [           main] org.hibernate.Version                    : HHH000412: Hibernate ORM core version 6.5.3.Final
2026-04-13T06:53:37.169+05:30  INFO 12252 --- [           main] o.h.c.internal.RegionFactoryInitiator    : HHH000026: Second-level cache disabled
2026-04-13T06:53:37.351+05:30  INFO 12252 --- [           main] o.s.o.j.p.SpringPersistenceUnitInfo      : No LoadTimeWeaver setup: ignoring JPA class transformer
2026-04-13T06:53:37.364+05:30  INFO 12252 --- [           main] com.zaxxer.hikari.HikariDataSource       : HikariPool-1 - Starting...
2026-04-13T06:53:37.511+05:30  INFO 12252 --- [           main] com.zaxxer.hikari.pool.HikariPool        : HikariPool-1 - Added connection com.mysql.cj.jdbc.ConnectionImpl@65d90b7f
2026-04-13T06:53:37.512+05:30  INFO 12252 --- [           main] com.zaxxer.hikari.HikariDataSource       : HikariPool-1 - Start completed.
2026-04-13T06:53:37.553+05:30  WARN 12252 --- [           main] org.hibernate.orm.deprecation            : HHH90000025: MySQLDialect does not need to be specified explicitly using 'hibernate.dialect' (remove the property setting and it will be selected by default)
2026-04-13T06:53:38.012+05:30  INFO 12252 --- [           main] o.h.e.t.j.p.i.JtaPlatformInitiator       : HHH000489: No JTA platform available (set 'hibernate.transaction.jta.platform' to enable JTA platform integration)
2026-04-13T06:53:38.115+05:30  INFO 12252 --- [           main] j.LocalContainerEntityManagerFactoryBean : Initialized JPA EntityManagerFactory for persistence unit 'default'
2026-04-13T06:53:38.374+05:30  INFO 12252 --- [           main] r$InitializeUserDetailsManagerConfigurer : Global AuthenticationManager configured with UserDetailsService bean with name customUserDetailsService
2026-04-13T06:53:38.596+05:30  WARN 12252 --- [           main] JpaBaseConfiguration$JpaWebConfiguration : spring.jpa.open-in-view is enabled by default. Therefore, database queries may be performed during view rendering. Explicitly configure spring.jpa.open-in-view to disable this warning
2026-04-13T06:53:39.031+05:30  INFO 12252 --- [           main] o.s.b.w.embedded.tomcat.TomcatWebServer  : Tomcat started on port 8080 (http) with context path '/'
2026-04-13T06:53:39.040+05:30  INFO 12252 --- [           main] c.e.s.StockPortfolioApplication          : Started StockPortfolioApplication in 3.3 seconds (process running for 3.48)
Hibernate: select a1_0.id,a1_0.alert_type,a1_0.gain_or_loss,a1_0.last_triggered_at,a1_0.symbol,a1_0.target_price,a1_0.trigger_reason,a1_0.user_id from alert a1_0
2026-04-13T06:53:53.096+05:30  INFO 12252 --- [nio-8080-exec-1] o.a.c.c.C.[Tomcat].[localhost].[/]       : Initializing Spring DispatcherServlet 'dispatcherServlet'
2026-04-13T06:53:53.097+05:30  INFO 12252 --- [nio-8080-exec-1] o.s.web.servlet.DispatcherServlet        : Initializing Servlet 'dispatcherServlet'
2026-04-13T06:53:53.101+05:30  INFO 12252 --- [nio-8080-exec-1] o.s.web.servlet.DispatcherServlet        : Completed initialization in 4 ms
2026-04-13T06:53:53.999+05:30 ERROR 12252 --- [nio-8080-exec-2] c.e.s.M.YahooFinanceService              : Yahoo Finance Chart Error for AAPL: 429 Too Many Requests: "Edge: Too Many Requests"
2026-04-13T06:53:55.083+05:30 ERROR 12252 --- [nio-8080-exec-4] c.e.s.MarketManagement.NewsApiService    : NewsAPI Error for stock market: 401 Unauthorized: "{"status":"error","code":"apiKeyInvalid","message":"Your API key is invalid or incorrect. Check your key, or go to https://newsapi.org to create a free API key."}"
2026-04-13T06:54:21.288+05:30  WARN 12252 --- [nio-8080-exec-4] c.e.s.Security.JwtRequestFilter          : Invalid JWT token: JWT expired at 2026-04-11T11:52:50Z. Current time: 2026-04-13T01:24:21Z, a difference of 135091287 milliseconds.  Allowed clock skew: 0 milliseconds.
2026-04-13T06:54:21.288+05:30  WARN 12252 --- [nio-8080-exec-5] c.e.s.Security.JwtRequestFilter          : Invalid JWT token: JWT expired at 2026-04-11T11:52:50Z. Current time: 2026-04-13T01:24:21Z, a difference of 135091287 milliseconds.  Allowed clock skew: 0 milliseconds.
2026-04-13T06:54:21.288+05:30  WARN 12252 --- [nio-8080-exec-3] c.e.s.Security.JwtRequestFilter          : Invalid JWT token: JWT expired at 2026-04-11T11:52:50Z. Current time: 2026-04-13T01:24:21Z, a difference of 135091287 milliseconds.  Allowed clock skew: 0 milliseconds.
2026-04-13T06:54:21.288+05:30  WARN 12252 --- [nio-8080-exec-8] c.e.s.Security.JwtRequestFilter          : Invalid JWT token: JWT expired at 2026-04-11T11:52:50Z. Current time: 2026-04-13T01:24:21Z, a difference of 135091287 milliseconds.  Allowed clock skew: 0 milliseconds.
2026-04-13T06:54:21.288+05:30  WARN 12252 --- [nio-8080-exec-2] c.e.s.Security.JwtRequestFilter          : Invalid JWT token: JWT expired at 2026-04-11T11:52:50Z. Current time: 2026-04-13T01:24:21Z, a difference of 135091287 milliseconds.  Allowed clock skew: 0 milliseconds.
2026-04-13T06:54:21.288+05:30  WARN 12252 --- [nio-8080-exec-6] c.e.s.Security.JwtRequestFilter          : Invalid JWT token: JWT expired at 2026-04-11T11:52:50Z. Current time: 2026-04-13T01:24:21Z, a difference of 135091287 milliseconds.  Allowed clock skew: 0 milliseconds.
2026-04-13T06:54:21.351+05:30 ERROR 12252 --- [nio-8080-exec-5] c.e.s.M.YahooFinanceService              : Yahoo Finance Chart Error for AAPL: 429 Too Many Requests: "Edge: Too Many Requests"
2026-04-13T06:54:21.559+05:30 ERROR 12252 --- [nio-8080-exec-3] c.e.s.MarketManagement.NewsApiService    : NewsAPI Error for stock market: 401 Unauthorized: "{"status":"error","code":"apiKeyInvalid","message":"Your API key is invalid or incorrect. Check your key, or go to https://newsapi.org to create a free API key."}"
2026-04-13T06:54:22.319+05:30 ERROR 12252 --- [nio-8080-exec-2] c.e.s.MarketManagement.NewsApiService    : NewsAPI Error for 5: 401 Unauthorized: "{"status":"error","code":"apiKeyInvalid","message":"Your API key is invalid or incorrect. Check your key, or go to https://newsapi.org to create a free API key."}"
2026-04-13T06:54:32.185+05:30 ERROR 12252 --- [nio-8080-exec-1] c.e.s.M.YahooFinanceService              : Yahoo Finance Chart Error for AAPL: 429 Too Many Requests: "Edge: Too Many Requests"
2026-04-13T06:54:32.463+05:30 ERROR 12252 --- [nio-8080-exec-5] c.e.s.MarketManagement.NewsApiService    : NewsAPI Error for stock market: 401 Unauthorized: "{"status":"error","code":"apiKeyInvalid","message":"Your API key is invalid or incorrect. Check your key, or go to https://newsapi.org to create a free API key."}"
2026-04-13T06:55:21.221+05:30  WARN 12252 --- [nio-8080-exec-8] c.e.s.Security.JwtRequestFilter          : Invalid JWT token: JWT expired at 2026-04-11T11:52:50Z. Current time: 2026-04-13T01:25:21Z, a difference of 135151220 milliseconds.  Allowed clock skew: 0 milliseconds.
2026-04-13T06:55:21.221+05:30  WARN 12252 --- [nio-8080-exec-2] c.e.s.Security.JwtRequestFilter          : Invalid JWT token: JWT expired at 2026-04-11T11:52:50Z. Current time: 2026-04-13T01:25:21Z, a difference of 135151220 milliseconds.  Allowed clock skew: 0 milliseconds.
2026-04-13T06:55:21.229+05:30  WARN 12252 --- [nio-8080-exec-6] c.e.s.Security.JwtRequestFilter          : Invalid JWT token: JWT expired at 2026-04-11T11:52:50Z. Current time: 2026-04-13T01:25:21Z, a difference of 135151228 milliseconds.  Allowed clock skew: 0 milliseconds.
2026-04-13T06:55:21.240+05:30  WARN 12252 --- [nio-8080-exec-4] c.e.s.Security.JwtRequestFilter          : Invalid JWT token: JWT expired at 2026-04-11T11:52:50Z. Current time: 2026-04-13T01:25:21Z, a difference of 135151240 milliseconds.  Allowed clock skew: 0 milliseconds.
2026-04-13T06:55:21.246+05:30  WARN 12252 --- [nio-8080-exec-7] c.e.s.Security.JwtRequestFilter          : Invalid JWT token: JWT expired at 2026-04-11T11:52:50Z. Current time: 2026-04-13T01:25:21Z, a difference of 135151246 milliseconds.  Allowed clock skew: 0 milliseconds.
2026-04-13T06:55:21.246+05:30  WARN 12252 --- [io-8080-exec-10] c.e.s.Security.JwtRequestFilter          : Invalid JWT token: JWT expired at 2026-04-11T11:52:50Z. Current time: 2026-04-13T01:25:21Z, a difference of 135151246 milliseconds.  Allowed clock skew: 0 milliseconds.
2026-04-13T06:55:21.303+05:30 ERROR 12252 --- [nio-8080-exec-2] c.e.s.M.YahooFinanceService              : Yahoo Finance Chart Error for AAPL: 429 Too Many Requests: "Edge: Too Many Requests"
2026-04-13T06:55:21.506+05:30 ERROR 12252 --- [nio-8080-exec-4] c.e.s.MarketManagement.NewsApiService    : NewsAPI Error for 5: 401 Unauthorized: "{"status":"error","code":"apiKeyInvalid","message":"Your API key is invalid or incorrect. Check your key, or go to https://newsapi.org to create a free API key."}"
2026-04-13T06:55:21.525+05:30 ERROR 12252 --- [nio-8080-exec-7] c.e.s.MarketManagement.NewsApiService    : NewsAPI Error for stock market: 401 Unauthorized: "{"status":"error","code":"apiKeyInvalid","message":"Your API key is invalid or incorrect. Check your key, or go to https://newsapi.org to create a free API key."}"
2026-04-13T06:56:21.211+05:30  WARN 12252 --- [nio-8080-exec-3] c.e.s.Security.JwtRequestFilter          : Invalid JWT token: JWT expired at 2026-04-11T11:52:50Z. Current time: 2026-04-13T01:26:21Z, a difference of 135211211 milliseconds.  Allowed clock skew: 0 milliseconds.
2026-04-13T06:56:21.211+05:30  WARN 12252 --- [nio-8080-exec-5] c.e.s.Security.JwtRequestFilter          : Invalid JWT token: JWT expired at 2026-04-11T11:52:50Z. Current time: 2026-04-13T01:26:21Z, a difference of 135211211 milliseconds.  Allowed clock skew: 0 milliseconds.
2026-04-13T06:56:21.211+05:30  WARN 12252 --- [nio-8080-exec-1] c.e.s.Security.JwtRequestFilter          : Invalid JWT token: JWT expired at 2026-04-11T11:52:50Z. Current time: 2026-04-13T01:26:21Z, a difference of 135211211 milliseconds.  Allowed clock skew: 0 milliseconds.
2026-04-13T06:56:21.212+05:30  WARN 12252 --- [nio-8080-exec-9] c.e.s.Security.JwtRequestFilter          : Invalid JWT token: JWT expired at 2026-04-11T11:52:50Z. Current time: 2026-04-13T01:26:21Z, a difference of 135211211 milliseconds.  Allowed clock skew: 0 milliseconds.
2026-04-13T06:56:21.241+05:30  WARN 12252 --- [nio-8080-exec-2] c.e.s.Security.JwtRequestFilter          : Invalid JWT token: JWT expired at 2026-04-11T11:52:50Z. Current time: 2026-04-13T01:26:21Z, a difference of 135211240 milliseconds.  Allowed clock skew: 0 milliseconds.
2026-04-13T06:56:21.241+05:30  WARN 12252 --- [nio-8080-exec-4] c.e.s.Security.JwtRequestFilter          : Invalid JWT token: JWT expired at 2026-04-11T11:52:50Z. Current time: 2026-04-13T01:26:21Z, a difference of 135211240 milliseconds.  Allowed clock skew: 0 milliseconds.
2026-04-13T06:56:21.258+05:30 ERROR 12252 --- [nio-8080-exec-9] c.e.s.M.YahooFinanceService              : Yahoo Finance Chart Error for AAPL: 429 Too Many Requests: "Edge: Too Many Requests"
2026-04-13T06:56:21.510+05:30 ERROR 12252 --- [nio-8080-exec-4] c.e.s.MarketManagement.NewsApiService    : NewsAPI Error for stock market: 401 Unauthorized: "{"status":"error","code":"apiKeyInvalid","message":"Your API key is invalid or incorrect. Check your key, or go to https://newsapi.org to create a free API key."}"
2026-04-13T06:56:21.523+05:30 ERROR 12252 --- [nio-8080-exec-5] c.e.s.MarketManagement.NewsApiService    : NewsAPI Error for 5: 401 Unauthorized: "{"status":"error","code":"apiKeyInvalid","message":"Your API key is invalid or incorrect. Check your key, or go to https://newsapi.org to create a free API key."}"
2026-04-13T06:56:32.993+05:30  INFO 12252 --- [ionShutdownHook] j.LocalContainerEntityManagerFactoryBean : Closing JPA EntityManagerFactory for persistence unit 'default'
2026-04-13T06:56:33.010+05:30  INFO 12252 --- [ionShutdownHook] com.zaxxer.hikari.HikariDataSource       : HikariPool-1 - Shutdown initiated...
2026-04-13T06:56:33.021+05:30  INFO 12252 --- [ionShutdownHook] com.zaxxer.hikari.HikariDataSource       : HikariPool-1 - Shutdown completed.
[INFO] ------------------------------------------------------------------------
[INFO] BUILD FAILURE
[INFO] ------------------------------------------------------------------------
[INFO] Total time:  02:58 min
[INFO] Finished at: 2026-04-13T06:56:33+05:30
[INFO] ------------------------------------------------------------------------
[ERROR] Failed to execute goal org.springframework.boot:spring-boot-maven-plugin:3.3.12:run (default-cli) on project stockPortfolio: Process terminated with exit code: 143 -> [Help 1]
[ERROR] 
[ERROR] To see the full stack trace of the errors, re-run Maven with the -e switch.
[ERROR] Re-run Maven using the -X switch to enable full debug logging.
[ERROR] 
[ERROR] For more information about the errors and possible solutions, please read the following articles:
[ERROR] [Help 1] http://cwiki.apache.org/confluence/display/MAVEN/MojoExecutionException
